<?xml version="1.0" encoding="UTF-8"?>
<robot generator="Robot 4.1.1 (Python 3.8.10 on linux)" generated="20210912 10:59:56.698" rpa="false" schemaversion="2">
<suite id="s1" name="Test" source="/Suites/Test/Test.robot">
<test id="s1-t1" name="Add Wahyuni Lubis">
<kw name="Begin Web Test" library="Resource" type="SETUP">
<arg>${urlNonCaptcha}</arg>
<kw name="Evaluate" library="BuiltIn">
<var>${chrome_options}</var>
<arg>sys.modules['selenium.webdriver'].ChromeOptions()</arg>
<arg>sys, selenium.webdriver</arg>
<doc>Evaluates the given expression in Python and returns the result.</doc>
<msg timestamp="20210912 10:59:58.205" level="INFO">${chrome_options} = &lt;selenium.webdriver.chrome.options.Options object at 0x7fc3bc7db430&gt;</msg>
<status status="PASS" starttime="20210912 10:59:58.203" endtime="20210912 10:59:58.205"/>
</kw>
<kw name="Call Method" library="BuiltIn">
<arg>${chrome_options}</arg>
<arg>add_argument</arg>
<arg>test-type</arg>
<doc>Calls the named method of the given object with the provided arguments.</doc>
<status status="PASS" starttime="20210912 10:59:58.205" endtime="20210912 10:59:58.206"/>
</kw>
<kw name="Call Method" library="BuiltIn">
<arg>${chrome_options}</arg>
<arg>add_argument</arg>
<arg>--no-sandbox</arg>
<doc>Calls the named method of the given object with the provided arguments.</doc>
<status status="PASS" starttime="20210912 10:59:58.207" endtime="20210912 10:59:58.208"/>
</kw>
<kw name="Call Method" library="BuiltIn">
<arg>${chrome_options}</arg>
<arg>add_argument</arg>
<arg>--disable-dev-shm-usage</arg>
<doc>Calls the named method of the given object with the provided arguments.</doc>
<status status="PASS" starttime="20210912 10:59:58.208" endtime="20210912 10:59:58.209"/>
</kw>
<kw name="Call Method" library="BuiltIn">
<arg>${chrome_options}</arg>
<arg>add_argument</arg>
<arg>--disable-extensions</arg>
<doc>Calls the named method of the given object with the provided arguments.</doc>
<status status="PASS" starttime="20210912 10:59:58.209" endtime="20210912 10:59:58.210"/>
</kw>
<kw name="Call Method" library="BuiltIn">
<arg>${chrome_options}</arg>
<arg>add_argument</arg>
<arg>--disable-gpu</arg>
<doc>Calls the named method of the given object with the provided arguments.</doc>
<status status="PASS" starttime="20210912 10:59:58.210" endtime="20210912 10:59:58.211"/>
</kw>
<kw name="Call Method" library="BuiltIn">
<arg>${chrome_options}</arg>
<arg>add_argument</arg>
<arg>start-maximized</arg>
<doc>Calls the named method of the given object with the provided arguments.</doc>
<status status="PASS" starttime="20210912 10:59:58.211" endtime="20210912 10:59:58.212"/>
</kw>
<kw name="Open Browser" library="Selenium2Library">
<arg>${url}</arg>
<arg>${browser}</arg>
<arg>options=${chrome_options}</arg>
<doc>Opens a new browser instance to the optional ``url``.</doc>
<msg timestamp="20210912 10:59:58.214" level="INFO">Opening browser 'Chrome' to base url 'https://lpse.jabarprov.go.id/'.</msg>
<kw name="Capture Page Screenshot" library="Selenium2Library">
<doc>Takes a screenshot of the current page and embeds it into a log file.</doc>
<msg timestamp="20210912 10:59:59.759" level="INFO">Cannot capture screenshot because no browser is open.</msg>
<status status="PASS" starttime="20210912 10:59:59.758" endtime="20210912 10:59:59.759"/>
</kw>
<msg timestamp="20210912 10:59:59.770" level="FAIL">WebDriverException: Message: unknown error: Chrome failed to start: exited abnormally.
  (unknown error: DevToolsActivePort file doesn't exist)
  (The process started from chrome location /usr/bin/google-chrome is no longer running, so ChromeDriver is assuming that Chrome has crashed.)
</msg>
<status status="FAIL" starttime="20210912 10:59:58.212" endtime="20210912 10:59:59.771"/>
</kw>
<kw name="Register Keyword To Run On Failure" library="Selenium2Library">
<arg>NONE</arg>
<doc>Sets the keyword to execute, when a Selenium2Library keyword fails.</doc>
<status status="NOT RUN" starttime="20210912 10:59:59.771" endtime="20210912 10:59:59.772"/>
</kw>
<kw name="Set Window Size" library="Selenium2Library">
<arg>${1920}</arg>
<arg>${1080}</arg>
<doc>Sets current windows size to given ``width`` and ``height``.</doc>
<status status="NOT RUN" starttime="20210912 10:59:59.772" endtime="20210912 10:59:59.772"/>
</kw>
<kw name="Set Selenium Speed" library="Selenium2Library">
<arg>${delay}</arg>
<doc>Sets the delay that is waited after each Selenium command.</doc>
<status status="NOT RUN" starttime="20210912 10:59:59.772" endtime="20210912 10:59:59.772"/>
</kw>
<status status="FAIL" starttime="20210912 10:59:58.201" endtime="20210912 10:59:59.774"/>
</kw>
<kw name="End Web Test" library="Resource" type="TEARDOWN">
<kw name="Run Keyword If Test Failed" library="BuiltIn">
<arg>Capture Page Screenshot</arg>
<doc>Runs the given keyword with the given arguments, if the test failed.</doc>
<kw name="Capture Page Screenshot" library="Selenium2Library">
<doc>Takes a screenshot of the current page and embeds it into a log file.</doc>
<msg timestamp="20210912 10:59:59.777" level="INFO">Cannot capture screenshot because no browser is open.</msg>
<status status="PASS" starttime="20210912 10:59:59.777" endtime="20210912 10:59:59.777"/>
</kw>
<status status="PASS" starttime="20210912 10:59:59.776" endtime="20210912 10:59:59.777"/>
</kw>
<kw name="Close Browser" library="Selenium2Library">
<doc>Closes the current browser.</doc>
<status status="PASS" starttime="20210912 10:59:59.778" endtime="20210912 10:59:59.778"/>
</kw>
<status status="PASS" starttime="20210912 10:59:59.775" endtime="20210912 10:59:59.778"/>
</kw>
<tag>positive</tag>
<status status="FAIL" starttime="20210912 10:59:58.195" endtime="20210912 10:59:59.779">Setup failed:
WebDriverException: Message: unknown error: Chrome failed to start: exited abnormally.
  (unknown error: DevToolsActivePort file doesn't exist)
  (The process started from chrome location /usr/bin/google-chrome is no longer running, so ChromeDriver is assuming that Chrome has crashed.)
</status>
</test>
<test id="s1-t2" name="Add Lintang">
<kw name="Begin Web Test" library="Resource" type="SETUP">
<arg>${urlNonCaptcha}</arg>
<kw name="Evaluate" library="BuiltIn">
<var>${chrome_options}</var>
<arg>sys.modules['selenium.webdriver'].ChromeOptions()</arg>
<arg>sys, selenium.webdriver</arg>
<doc>Evaluates the given expression in Python and returns the result.</doc>
<msg timestamp="20210912 10:59:59.793" level="INFO">${chrome_options} = &lt;selenium.webdriver.chrome.options.Options object at 0x7fc3d25de5b0&gt;</msg>
<status status="PASS" starttime="20210912 10:59:59.791" endtime="20210912 10:59:59.793"/>
</kw>
<kw name="Call Method" library="BuiltIn">
<arg>${chrome_options}</arg>
<arg>add_argument</arg>
<arg>test-type</arg>
<doc>Calls the named method of the given object with the provided arguments.</doc>
<status status="PASS" starttime="20210912 10:59:59.793" endtime="20210912 10:59:59.794"/>
</kw>
<kw name="Call Method" library="BuiltIn">
<arg>${chrome_options}</arg>
<arg>add_argument</arg>
<arg>--no-sandbox</arg>
<doc>Calls the named method of the given object with the provided arguments.</doc>
<status status="PASS" starttime="20210912 10:59:59.795" endtime="20210912 10:59:59.795"/>
</kw>
<kw name="Call Method" library="BuiltIn">
<arg>${chrome_options}</arg>
<arg>add_argument</arg>
<arg>--disable-dev-shm-usage</arg>
<doc>Calls the named method of the given object with the provided arguments.</doc>
<status status="PASS" starttime="20210912 10:59:59.796" endtime="20210912 10:59:59.797"/>
</kw>
<kw name="Call Method" library="BuiltIn">
<arg>${chrome_options}</arg>
<arg>add_argument</arg>
<arg>--disable-extensions</arg>
<doc>Calls the named method of the given object with the provided arguments.</doc>
<status status="PASS" starttime="20210912 10:59:59.797" endtime="20210912 10:59:59.797"/>
</kw>
<kw name="Call Method" library="BuiltIn">
<arg>${chrome_options}</arg>
<arg>add_argument</arg>
<arg>--disable-gpu</arg>
<doc>Calls the named method of the given object with the provided arguments.</doc>
<status status="PASS" starttime="20210912 10:59:59.798" endtime="20210912 10:59:59.798"/>
</kw>
<kw name="Call Method" library="BuiltIn">
<arg>${chrome_options}</arg>
<arg>add_argument</arg>
<arg>start-maximized</arg>
<doc>Calls the named method of the given object with the provided arguments.</doc>
<status status="PASS" starttime="20210912 10:59:59.799" endtime="20210912 10:59:59.802"/>
</kw>
<kw name="Open Browser" library="Selenium2Library">
<arg>${url}</arg>
<arg>${browser}</arg>
<arg>options=${chrome_options}</arg>
<doc>Opens a new browser instance to the optional ``url``.</doc>
<msg timestamp="20210912 10:59:59.804" level="INFO">Opening browser 'Chrome' to base url 'https://lpse.jabarprov.go.id/'.</msg>
<kw name="Capture Page Screenshot" library="Selenium2Library">
<doc>Takes a screenshot of the current page and embeds it into a log file.</doc>
<msg timestamp="20210912 11:00:01.136" level="INFO">Cannot capture screenshot because no browser is open.</msg>
<status status="PASS" starttime="20210912 11:00:01.135" endtime="20210912 11:00:01.136"/>
</kw>
<msg timestamp="20210912 11:00:01.139" level="FAIL">WebDriverException: Message: unknown error: Chrome failed to start: exited abnormally.
  (unknown error: DevToolsActivePort file doesn't exist)
  (The process started from chrome location /usr/bin/google-chrome is no longer running, so ChromeDriver is assuming that Chrome has crashed.)
</msg>
<status status="FAIL" starttime="20210912 10:59:59.802" endtime="20210912 11:00:01.139"/>
</kw>
<kw name="Register Keyword To Run On Failure" library="Selenium2Library">
<arg>NONE</arg>
<doc>Sets the keyword to execute, when a Selenium2Library keyword fails.</doc>
<status status="NOT RUN" starttime="20210912 11:00:01.140" endtime="20210912 11:00:01.141"/>
</kw>
<kw name="Set Window Size" library="Selenium2Library">
<arg>${1920}</arg>
<arg>${1080}</arg>
<doc>Sets current windows size to given ``width`` and ``height``.</doc>
<status status="NOT RUN" starttime="20210912 11:00:01.141" endtime="20210912 11:00:01.141"/>
</kw>
<kw name="Set Selenium Speed" library="Selenium2Library">
<arg>${delay}</arg>
<doc>Sets the delay that is waited after each Selenium command.</doc>
<status status="NOT RUN" starttime="20210912 11:00:01.141" endtime="20210912 11:00:01.142"/>
</kw>
<status status="FAIL" starttime="20210912 10:59:59.789" endtime="20210912 11:00:01.144"/>
</kw>
<kw name="End Web Test" library="Resource" type="TEARDOWN">
<kw name="Run Keyword If Test Failed" library="BuiltIn">
<arg>Capture Page Screenshot</arg>
<doc>Runs the given keyword with the given arguments, if the test failed.</doc>
<kw name="Capture Page Screenshot" library="Selenium2Library">
<doc>Takes a screenshot of the current page and embeds it into a log file.</doc>
<msg timestamp="20210912 11:00:01.148" level="INFO">Cannot capture screenshot because no browser is open.</msg>
<status status="PASS" starttime="20210912 11:00:01.148" endtime="20210912 11:00:01.148"/>
</kw>
<status status="PASS" starttime="20210912 11:00:01.147" endtime="20210912 11:00:01.149"/>
</kw>
<kw name="Close Browser" library="Selenium2Library">
<doc>Closes the current browser.</doc>
<status status="PASS" starttime="20210912 11:00:01.149" endtime="20210912 11:00:01.150"/>
</kw>
<status status="PASS" starttime="20210912 11:00:01.145" endtime="20210912 11:00:01.150"/>
</kw>
<tag>positive</tag>
<status status="FAIL" starttime="20210912 10:59:59.780" endtime="20210912 11:00:01.151">Setup failed:
WebDriverException: Message: unknown error: Chrome failed to start: exited abnormally.
  (unknown error: DevToolsActivePort file doesn't exist)
  (The process started from chrome location /usr/bin/google-chrome is no longer running, so ChromeDriver is assuming that Chrome has crashed.)
</status>
</test>
<status status="FAIL" starttime="20210912 10:59:56.703" endtime="20210912 11:00:01.155"/>
</suite>
<statistics>
<total>
<stat pass="0" fail="2" skip="0">All Tests</stat>
</total>
<tag>
<stat pass="0" fail="2" skip="0">positive</stat>
</tag>
<suite>
<stat pass="0" fail="2" skip="0" id="s1" name="Test">Test</stat>
</suite>
</statistics>
<errors>
</errors>
</robot>
